  [1m[36m (1.1ms)[0m  [1mCREATE TABLE "schema_migrations" ("version" varchar(255) NOT NULL) [0m
  [1m[35m (7.7ms)[0m  select sqlite_version(*)
  [1m[36m (1.2ms)[0m  [1mCREATE UNIQUE INDEX "unique_schema_migrations" ON "schema_migrations" ("version")[0m
  [1m[35mActiveRecord::SchemaMigration Load (0.1ms)[0m  SELECT "schema_migrations".* FROM "schema_migrations"
Migrating to CreateUsers (20141121223939)
  [1m[36m (0.1ms)[0m  [1mbegin transaction[0m
  [1m[35m (0.5ms)[0m  CREATE TABLE "users" ("id" INTEGER PRIMARY KEY AUTOINCREMENT NOT NULL, "name" varchar(255), "password" varchar(255), "created_at" datetime, "updated_at" datetime) 
  [1m[36mSQL (0.2ms)[0m  [1mINSERT INTO "schema_migrations" ("version") VALUES (?)[0m  [["version", "20141121223939"]]
  [1m[35m (1.1ms)[0m  commit transaction
  [1m[36mActiveRecord::SchemaMigration Load (0.1ms)[0m  [1mSELECT "schema_migrations".* FROM "schema_migrations"[0m


Started GET "/" for 127.0.0.1 at 2014-11-21 17:50:35 -0500
  [1m[36mActiveRecord::SchemaMigration Load (0.3ms)[0m  [1mSELECT "schema_migrations".* FROM "schema_migrations"[0m

SyntaxError (/Users/adityanarayan/Desktop/RubymineProjects/registration/app/controllers/users_controller.rb:21: syntax error, unexpected '=', expecting keyword_end
			flash [:alert] = "Hooray! You signed up successfully!"
			                ^):
  app/controllers/users_controller.rb:21: syntax error, unexpected '=', expecting keyword_end


  Rendered /Users/adityanarayan/.rvm/gems/ruby-2.1.3/gems/actionpack-4.1.6/lib/action_dispatch/middleware/templates/rescues/_source.erb (0.7ms)
  Rendered /Users/adityanarayan/.rvm/gems/ruby-2.1.3/gems/actionpack-4.1.6/lib/action_dispatch/middleware/templates/rescues/_trace.html.erb (1.5ms)
  Rendered /Users/adityanarayan/.rvm/gems/ruby-2.1.3/gems/actionpack-4.1.6/lib/action_dispatch/middleware/templates/rescues/_request_and_response.html.erb (155.7ms)
  Rendered /Users/adityanarayan/.rvm/gems/ruby-2.1.3/gems/actionpack-4.1.6/lib/action_dispatch/middleware/templates/rescues/diagnostics.erb within rescues/layout (195.6ms)


Started GET "/" for 127.0.0.1 at 2014-11-21 17:52:57 -0500
Processing by UsersController#index as HTML
  Rendered users/index.html.erb within layouts/application (0.4ms)
Completed 200 OK in 1961ms (Views: 1960.1ms | ActiveRecord: 0.0ms)


Started GET "/assets/users.js?body=1" for 127.0.0.1 at 2014-11-21 17:52:59 -0500


Started GET "/assets/users.css?body=1" for 127.0.0.1 at 2014-11-21 17:52:59 -0500


Started GET "/" for 127.0.0.1 at 2014-11-21 17:53:21 -0500
Processing by UsersController#new as HTML
  Rendered users/new.html.erb within layouts/application (0.4ms)
Completed 200 OK in 67ms (Views: 53.8ms | ActiveRecord: 0.5ms)


Started GET "/assets/users.js?body=1" for 127.0.0.1 at 2014-11-21 17:53:21 -0500


Started GET "/assets/users.css?body=1" for 127.0.0.1 at 2014-11-21 17:53:21 -0500


Started GET "/users/new" for 127.0.0.1 at 2014-11-21 17:53:26 -0500

ActionController::RoutingError (No route matches [GET] "/users/new"):
  actionpack (4.1.6) lib/action_dispatch/middleware/debug_exceptions.rb:21:in `call'
  actionpack (4.1.6) lib/action_dispatch/middleware/show_exceptions.rb:30:in `call'
  railties (4.1.6) lib/rails/rack/logger.rb:38:in `call_app'
  railties (4.1.6) lib/rails/rack/logger.rb:20:in `block in call'
  activesupport (4.1.6) lib/active_support/tagged_logging.rb:68:in `block in tagged'
  activesupport (4.1.6) lib/active_support/tagged_logging.rb:26:in `tagged'
  activesupport (4.1.6) lib/active_support/tagged_logging.rb:68:in `tagged'
  railties (4.1.6) lib/rails/rack/logger.rb:20:in `call'
  actionpack (4.1.6) lib/action_dispatch/middleware/request_id.rb:21:in `call'
  rack (1.5.2) lib/rack/methodoverride.rb:21:in `call'
  rack (1.5.2) lib/rack/runtime.rb:17:in `call'
  activesupport (4.1.6) lib/active_support/cache/strategy/local_cache_middleware.rb:26:in `call'
  rack (1.5.2) lib/rack/lock.rb:17:in `call'
  actionpack (4.1.6) lib/action_dispatch/middleware/static.rb:64:in `call'
  rack (1.5.2) lib/rack/sendfile.rb:112:in `call'
  railties (4.1.6) lib/rails/engine.rb:514:in `call'
  railties (4.1.6) lib/rails/application.rb:144:in `call'
  rack (1.5.2) lib/rack/lock.rb:17:in `call'
  rack (1.5.2) lib/rack/content_length.rb:14:in `call'
  rack (1.5.2) lib/rack/handler/webrick.rb:60:in `service'
  /Users/adityanarayan/.rvm/rubies/ruby-2.1.3/lib/ruby/2.1.0/webrick/httpserver.rb:138:in `service'
  /Users/adityanarayan/.rvm/rubies/ruby-2.1.3/lib/ruby/2.1.0/webrick/httpserver.rb:94:in `run'
  /Users/adityanarayan/.rvm/rubies/ruby-2.1.3/lib/ruby/2.1.0/webrick/server.rb:295:in `block in start_thread'


  Rendered /Users/adityanarayan/.rvm/gems/ruby-2.1.3/gems/actionpack-4.1.6/lib/action_dispatch/middleware/templates/rescues/_trace.html.erb (1.1ms)
  Rendered /Users/adityanarayan/.rvm/gems/ruby-2.1.3/gems/actionpack-4.1.6/lib/action_dispatch/middleware/templates/routes/_route.html.erb (0.7ms)
  Rendered /Users/adityanarayan/.rvm/gems/ruby-2.1.3/gems/actionpack-4.1.6/lib/action_dispatch/middleware/templates/routes/_table.html.erb (37.2ms)
  Rendered /Users/adityanarayan/.rvm/gems/ruby-2.1.3/gems/actionpack-4.1.6/lib/action_dispatch/middleware/templates/rescues/routing_error.html.erb within rescues/layout (76.4ms)


Started GET "/users/new" for 127.0.0.1 at 2014-11-21 17:53:40 -0500
Processing by UsersController#new as HTML
  Rendered users/new.html.erb within layouts/application (0.0ms)
Completed 200 OK in 69ms (Views: 58.5ms | ActiveRecord: 0.5ms)


Started GET "/assets/users.css?body=1" for 127.0.0.1 at 2014-11-21 17:53:40 -0500


Started GET "/assets/application.css?body=1" for 127.0.0.1 at 2014-11-21 17:53:40 -0500


Started GET "/assets/jquery_ujs.js?body=1" for 127.0.0.1 at 2014-11-21 17:53:40 -0500


Started GET "/assets/jquery.js?body=1" for 127.0.0.1 at 2014-11-21 17:53:40 -0500


Started GET "/assets/turbolinks.js?body=1" for 127.0.0.1 at 2014-11-21 17:53:40 -0500


Started GET "/assets/users.js?body=1" for 127.0.0.1 at 2014-11-21 17:53:40 -0500


Started GET "/assets/application.js?body=1" for 127.0.0.1 at 2014-11-21 17:53:40 -0500


Started GET "/users/new" for 127.0.0.1 at 2014-11-21 17:53:42 -0500
Processing by UsersController#new as HTML
  Rendered users/new.html.erb within layouts/application (0.3ms)
Completed 200 OK in 40ms (Views: 39.5ms | ActiveRecord: 0.0ms)


Started GET "/users/new" for 127.0.0.1 at 2014-11-21 17:53:44 -0500
Processing by UsersController#new as HTML
  Rendered users/new.html.erb within layouts/application (0.0ms)
Completed 200 OK in 40ms (Views: 39.7ms | ActiveRecord: 0.0ms)


Started GET "/users/new" for 127.0.0.1 at 2014-11-21 17:53:45 -0500
Processing by UsersController#new as HTML
  Rendered users/new.html.erb within layouts/application (0.1ms)
Completed 200 OK in 48ms (Views: 48.0ms | ActiveRecord: 0.0ms)


Started GET "/users/new" for 127.0.0.1 at 2014-11-21 17:54:00 -0500
Processing by UsersController#new as HTML
  Rendered users/new.html.erb within layouts/application (0.0ms)
Completed 200 OK in 51ms (Views: 37.7ms | ActiveRecord: 0.6ms)


Started GET "/" for 127.0.0.1 at 2014-11-21 17:54:07 -0500
Processing by UsersController#new as HTML
  Rendered users/new.html.erb within layouts/application (0.0ms)
Completed 200 OK in 38ms (Views: 37.0ms | ActiveRecord: 0.0ms)


Started GET "/" for 127.0.0.1 at 2014-11-21 17:54:11 -0500
Processing by UsersController#new as HTML
  Rendered users/new.html.erb within layouts/application (0.0ms)
Completed 200 OK in 42ms (Views: 40.9ms | ActiveRecord: 0.0ms)


Started GET "/users/new" for 127.0.0.1 at 2014-11-21 17:54:13 -0500
Processing by UsersController#new as HTML
  Rendered users/new.html.erb within layouts/application (0.0ms)
Completed 200 OK in 38ms (Views: 37.5ms | ActiveRecord: 0.0ms)


Started GET "/" for 127.0.0.1 at 2014-11-21 17:55:10 -0500
Processing by Rails::WelcomeController#index as HTML
  Rendered /Users/adityanarayan/.rvm/gems/ruby-2.1.3/gems/railties-4.1.6/lib/rails/templates/rails/welcome/index.html.erb (0.9ms)
Completed 200 OK in 12ms (Views: 11.9ms | ActiveRecord: 0.0ms)


Started GET "/" for 127.0.0.1 at 2014-11-21 17:55:10 -0500
Processing by Rails::WelcomeController#index as HTML
  Rendered /Users/adityanarayan/.rvm/gems/ruby-2.1.3/gems/railties-4.1.6/lib/rails/templates/rails/welcome/index.html.erb (0.0ms)
Completed 200 OK in 1ms (Views: 0.8ms | ActiveRecord: 0.0ms)


Started GET "/rails/info/properties" for 127.0.0.1 at 2014-11-21 17:55:12 -0500
Processing by Rails::InfoController#properties as */*
  [1m[35mActiveRecord::SchemaMigration Load (10.6ms)[0m  SELECT "schema_migrations".* FROM "schema_migrations"
  Rendered /Users/adityanarayan/.rvm/gems/ruby-2.1.3/gems/railties-4.1.6/lib/rails/templates/rails/info/properties.html.erb (0.4ms)
Completed 200 OK in 39ms (Views: 22.6ms | ActiveRecord: 10.9ms)


Started GET "/new" for 127.0.0.1 at 2014-11-21 17:55:18 -0500

ActionController::RoutingError (No route matches [GET] "/new"):
  actionpack (4.1.6) lib/action_dispatch/middleware/debug_exceptions.rb:21:in `call'
  actionpack (4.1.6) lib/action_dispatch/middleware/show_exceptions.rb:30:in `call'
  railties (4.1.6) lib/rails/rack/logger.rb:38:in `call_app'
  railties (4.1.6) lib/rails/rack/logger.rb:20:in `block in call'
  activesupport (4.1.6) lib/active_support/tagged_logging.rb:68:in `block in tagged'
  activesupport (4.1.6) lib/active_support/tagged_logging.rb:26:in `tagged'
  activesupport (4.1.6) lib/active_support/tagged_logging.rb:68:in `tagged'
  railties (4.1.6) lib/rails/rack/logger.rb:20:in `call'
  actionpack (4.1.6) lib/action_dispatch/middleware/request_id.rb:21:in `call'
  rack (1.5.2) lib/rack/methodoverride.rb:21:in `call'
  rack (1.5.2) lib/rack/runtime.rb:17:in `call'
  activesupport (4.1.6) lib/active_support/cache/strategy/local_cache_middleware.rb:26:in `call'
  rack (1.5.2) lib/rack/lock.rb:17:in `call'
  actionpack (4.1.6) lib/action_dispatch/middleware/static.rb:64:in `call'
  rack (1.5.2) lib/rack/sendfile.rb:112:in `call'
  railties (4.1.6) lib/rails/engine.rb:514:in `call'
  railties (4.1.6) lib/rails/application.rb:144:in `call'
  rack (1.5.2) lib/rack/lock.rb:17:in `call'
  rack (1.5.2) lib/rack/content_length.rb:14:in `call'
  rack (1.5.2) lib/rack/handler/webrick.rb:60:in `service'
  /Users/adityanarayan/.rvm/rubies/ruby-2.1.3/lib/ruby/2.1.0/webrick/httpserver.rb:138:in `service'
  /Users/adityanarayan/.rvm/rubies/ruby-2.1.3/lib/ruby/2.1.0/webrick/httpserver.rb:94:in `run'
  /Users/adityanarayan/.rvm/rubies/ruby-2.1.3/lib/ruby/2.1.0/webrick/server.rb:295:in `block in start_thread'


  Rendered /Users/adityanarayan/.rvm/gems/ruby-2.1.3/gems/actionpack-4.1.6/lib/action_dispatch/middleware/templates/rescues/_trace.html.erb (1.1ms)
  Rendered /Users/adityanarayan/.rvm/gems/ruby-2.1.3/gems/actionpack-4.1.6/lib/action_dispatch/middleware/templates/routes/_route.html.erb (1.0ms)
  Rendered /Users/adityanarayan/.rvm/gems/ruby-2.1.3/gems/actionpack-4.1.6/lib/action_dispatch/middleware/templates/routes/_table.html.erb (1.4ms)
  Rendered /Users/adityanarayan/.rvm/gems/ruby-2.1.3/gems/actionpack-4.1.6/lib/action_dispatch/middleware/templates/rescues/routing_error.html.erb within rescues/layout (38.1ms)


Started GET "/users" for 127.0.0.1 at 2014-11-21 17:55:32 -0500

ActionController::RoutingError (No route matches [GET] "/users"):
  actionpack (4.1.6) lib/action_dispatch/middleware/debug_exceptions.rb:21:in `call'
  actionpack (4.1.6) lib/action_dispatch/middleware/show_exceptions.rb:30:in `call'
  railties (4.1.6) lib/rails/rack/logger.rb:38:in `call_app'
  railties (4.1.6) lib/rails/rack/logger.rb:20:in `block in call'
  activesupport (4.1.6) lib/active_support/tagged_logging.rb:68:in `block in tagged'
  activesupport (4.1.6) lib/active_support/tagged_logging.rb:26:in `tagged'
  activesupport (4.1.6) lib/active_support/tagged_logging.rb:68:in `tagged'
  railties (4.1.6) lib/rails/rack/logger.rb:20:in `call'
  actionpack (4.1.6) lib/action_dispatch/middleware/request_id.rb:21:in `call'
  rack (1.5.2) lib/rack/methodoverride.rb:21:in `call'
  rack (1.5.2) lib/rack/runtime.rb:17:in `call'
  activesupport (4.1.6) lib/active_support/cache/strategy/local_cache_middleware.rb:26:in `call'
  rack (1.5.2) lib/rack/lock.rb:17:in `call'
  actionpack (4.1.6) lib/action_dispatch/middleware/static.rb:64:in `call'
  rack (1.5.2) lib/rack/sendfile.rb:112:in `call'
  railties (4.1.6) lib/rails/engine.rb:514:in `call'
  railties (4.1.6) lib/rails/application.rb:144:in `call'
  rack (1.5.2) lib/rack/lock.rb:17:in `call'
  rack (1.5.2) lib/rack/content_length.rb:14:in `call'
  rack (1.5.2) lib/rack/handler/webrick.rb:60:in `service'
  /Users/adityanarayan/.rvm/rubies/ruby-2.1.3/lib/ruby/2.1.0/webrick/httpserver.rb:138:in `service'
  /Users/adityanarayan/.rvm/rubies/ruby-2.1.3/lib/ruby/2.1.0/webrick/httpserver.rb:94:in `run'
  /Users/adityanarayan/.rvm/rubies/ruby-2.1.3/lib/ruby/2.1.0/webrick/server.rb:295:in `block in start_thread'


  Rendered /Users/adityanarayan/.rvm/gems/ruby-2.1.3/gems/actionpack-4.1.6/lib/action_dispatch/middleware/templates/rescues/_trace.html.erb (1.4ms)
  Rendered /Users/adityanarayan/.rvm/gems/ruby-2.1.3/gems/actionpack-4.1.6/lib/action_dispatch/middleware/templates/routes/_route.html.erb (0.9ms)
  Rendered /Users/adityanarayan/.rvm/gems/ruby-2.1.3/gems/actionpack-4.1.6/lib/action_dispatch/middleware/templates/routes/_table.html.erb (1.2ms)
  Rendered /Users/adityanarayan/.rvm/gems/ruby-2.1.3/gems/actionpack-4.1.6/lib/action_dispatch/middleware/templates/rescues/routing_error.html.erb within rescues/layout (18.6ms)


Started GET "/users/index" for 127.0.0.1 at 2014-11-21 17:55:37 -0500
Processing by UsersController#index as HTML
  Rendered users/index.html.erb within layouts/application (0.1ms)
Completed 200 OK in 45ms (Views: 44.8ms | ActiveRecord: 0.0ms)


Started GET "/assets/users.css?body=1" for 127.0.0.1 at 2014-11-21 17:55:37 -0500


Started GET "/assets/jquery_ujs.js?body=1" for 127.0.0.1 at 2014-11-21 17:55:37 -0500


Started GET "/assets/turbolinks.js?body=1" for 127.0.0.1 at 2014-11-21 17:55:37 -0500


Started GET "/assets/jquery.js?body=1" for 127.0.0.1 at 2014-11-21 17:55:37 -0500


Started GET "/assets/application.css?body=1" for 127.0.0.1 at 2014-11-21 17:55:37 -0500


Started GET "/assets/users.js?body=1" for 127.0.0.1 at 2014-11-21 17:55:37 -0500


Started GET "/assets/application.js?body=1" for 127.0.0.1 at 2014-11-21 17:55:37 -0500


Started GET "/users/new" for 127.0.0.1 at 2014-11-21 17:55:42 -0500
Processing by UsersController#new as HTML
  Rendered users/new.html.erb within layouts/application (0.1ms)
Completed 200 OK in 80ms (Views: 57.4ms | ActiveRecord: 0.3ms)


Started GET "/assets/application.css?body=1" for 127.0.0.1 at 2014-11-21 17:55:42 -0500


Started GET "/assets/users.css?body=1" for 127.0.0.1 at 2014-11-21 17:55:42 -0500


Started GET "/assets/jquery_ujs.js?body=1" for 127.0.0.1 at 2014-11-21 17:55:42 -0500


Started GET "/assets/turbolinks.js?body=1" for 127.0.0.1 at 2014-11-21 17:55:42 -0500


Started GET "/assets/users.js?body=1" for 127.0.0.1 at 2014-11-21 17:55:42 -0500


Started GET "/assets/jquery.js?body=1" for 127.0.0.1 at 2014-11-21 17:55:42 -0500


Started GET "/assets/application.js?body=1" for 127.0.0.1 at 2014-11-21 17:55:42 -0500


Started GET "/users/new" for 127.0.0.1 at 2014-11-21 17:55:43 -0500
Processing by UsersController#new as HTML
  Rendered users/new.html.erb within layouts/application (0.0ms)
Completed 200 OK in 42ms (Views: 41.1ms | ActiveRecord: 0.0ms)


Started GET "/assets/application.css?body=1" for 127.0.0.1 at 2014-11-21 17:55:44 -0500


Started GET "/assets/jquery.js?body=1" for 127.0.0.1 at 2014-11-21 17:55:44 -0500


Started GET "/assets/jquery_ujs.js?body=1" for 127.0.0.1 at 2014-11-21 17:55:44 -0500


Started GET "/assets/users.css?body=1" for 127.0.0.1 at 2014-11-21 17:55:44 -0500


Started GET "/assets/application.js?body=1" for 127.0.0.1 at 2014-11-21 17:55:44 -0500


Started GET "/assets/users.js?body=1" for 127.0.0.1 at 2014-11-21 17:55:44 -0500


Started GET "/assets/turbolinks.js?body=1" for 127.0.0.1 at 2014-11-21 17:55:44 -0500


Started GET "/users/new" for 127.0.0.1 at 2014-11-21 17:59:39 -0500

ArgumentError (Missing :action key on routes definition, please check your routes.):
  config/routes.rb:8:in `block in <top (required)>'
  config/routes.rb:1:in `<top (required)>'


  Rendered /Users/adityanarayan/.rvm/gems/ruby-2.1.3/gems/actionpack-4.1.6/lib/action_dispatch/middleware/templates/rescues/_source.erb (0.8ms)
  Rendered /Users/adityanarayan/.rvm/gems/ruby-2.1.3/gems/actionpack-4.1.6/lib/action_dispatch/middleware/templates/rescues/_trace.html.erb (1.3ms)
  Rendered /Users/adityanarayan/.rvm/gems/ruby-2.1.3/gems/actionpack-4.1.6/lib/action_dispatch/middleware/templates/rescues/_request_and_response.html.erb (1.0ms)
  Rendered /Users/adityanarayan/.rvm/gems/ruby-2.1.3/gems/actionpack-4.1.6/lib/action_dispatch/middleware/templates/rescues/diagnostics.erb within rescues/layout (17.4ms)


Started GET "/" for 127.0.0.1 at 2014-11-21 17:59:59 -0500
Processing by UsersController#user_params as HTML
Completed 400 Bad Request in 1ms

ActionController::ParameterMissing (param is missing or the value is empty: user):
  app/controllers/users_controller.rb:13:in `user_params'


  Rendered /Users/adityanarayan/.rvm/gems/ruby-2.1.3/gems/actionpack-4.1.6/lib/action_dispatch/middleware/templates/rescues/_source.erb (0.8ms)
  Rendered /Users/adityanarayan/.rvm/gems/ruby-2.1.3/gems/actionpack-4.1.6/lib/action_dispatch/middleware/templates/rescues/_trace.html.erb (1.5ms)
  Rendered /Users/adityanarayan/.rvm/gems/ruby-2.1.3/gems/actionpack-4.1.6/lib/action_dispatch/middleware/templates/rescues/_request_and_response.html.erb (1.1ms)
  Rendered /Users/adityanarayan/.rvm/gems/ruby-2.1.3/gems/actionpack-4.1.6/lib/action_dispatch/middleware/templates/rescues/diagnostics.erb within rescues/layout (53.8ms)


Started GET "/" for 127.0.0.1 at 2014-11-21 18:00:17 -0500
Processing by UsersController#new as HTML
  Rendered users/new.html.erb within layouts/application (0.1ms)
Completed 200 OK in 98ms (Views: 86.0ms | ActiveRecord: 0.5ms)


Started GET "/assets/users.css?body=1" for 127.0.0.1 at 2014-11-21 18:00:18 -0500


Started GET "/assets/application.css?body=1" for 127.0.0.1 at 2014-11-21 18:00:18 -0500


Started GET "/assets/jquery.js?body=1" for 127.0.0.1 at 2014-11-21 18:00:18 -0500


Started GET "/assets/users.js?body=1" for 127.0.0.1 at 2014-11-21 18:00:18 -0500


Started GET "/assets/jquery_ujs.js?body=1" for 127.0.0.1 at 2014-11-21 18:00:18 -0500


Started GET "/assets/turbolinks.js?body=1" for 127.0.0.1 at 2014-11-21 18:00:18 -0500


Started GET "/assets/application.js?body=1" for 127.0.0.1 at 2014-11-21 18:00:18 -0500


Started GET "/users/new" for 127.0.0.1 at 2014-11-21 18:00:19 -0500

ActionController::RoutingError (No route matches [GET] "/users/new"):
  actionpack (4.1.6) lib/action_dispatch/middleware/debug_exceptions.rb:21:in `call'
  actionpack (4.1.6) lib/action_dispatch/middleware/show_exceptions.rb:30:in `call'
  railties (4.1.6) lib/rails/rack/logger.rb:38:in `call_app'
  railties (4.1.6) lib/rails/rack/logger.rb:20:in `block in call'
  activesupport (4.1.6) lib/active_support/tagged_logging.rb:68:in `block in tagged'
  activesupport (4.1.6) lib/active_support/tagged_logging.rb:26:in `tagged'
  activesupport (4.1.6) lib/active_support/tagged_logging.rb:68:in `tagged'
  railties (4.1.6) lib/rails/rack/logger.rb:20:in `call'
  actionpack (4.1.6) lib/action_dispatch/middleware/request_id.rb:21:in `call'
  rack (1.5.2) lib/rack/methodoverride.rb:21:in `call'
  rack (1.5.2) lib/rack/runtime.rb:17:in `call'
  activesupport (4.1.6) lib/active_support/cache/strategy/local_cache_middleware.rb:26:in `call'
  rack (1.5.2) lib/rack/lock.rb:17:in `call'
  actionpack (4.1.6) lib/action_dispatch/middleware/static.rb:64:in `call'
  rack (1.5.2) lib/rack/sendfile.rb:112:in `call'
  railties (4.1.6) lib/rails/engine.rb:514:in `call'
  railties (4.1.6) lib/rails/application.rb:144:in `call'
  rack (1.5.2) lib/rack/lock.rb:17:in `call'
  rack (1.5.2) lib/rack/content_length.rb:14:in `call'
  rack (1.5.2) lib/rack/handler/webrick.rb:60:in `service'
  /Users/adityanarayan/.rvm/rubies/ruby-2.1.3/lib/ruby/2.1.0/webrick/httpserver.rb:138:in `service'
  /Users/adityanarayan/.rvm/rubies/ruby-2.1.3/lib/ruby/2.1.0/webrick/httpserver.rb:94:in `run'
  /Users/adityanarayan/.rvm/rubies/ruby-2.1.3/lib/ruby/2.1.0/webrick/server.rb:295:in `block in start_thread'


  Rendered /Users/adityanarayan/.rvm/gems/ruby-2.1.3/gems/actionpack-4.1.6/lib/action_dispatch/middleware/templates/rescues/_trace.html.erb (1.1ms)
  Rendered /Users/adityanarayan/.rvm/gems/ruby-2.1.3/gems/actionpack-4.1.6/lib/action_dispatch/middleware/templates/routes/_route.html.erb (0.8ms)
  Rendered /Users/adityanarayan/.rvm/gems/ruby-2.1.3/gems/actionpack-4.1.6/lib/action_dispatch/middleware/templates/routes/_table.html.erb (1.3ms)
  Rendered /Users/adityanarayan/.rvm/gems/ruby-2.1.3/gems/actionpack-4.1.6/lib/action_dispatch/middleware/templates/rescues/routing_error.html.erb within rescues/layout (16.9ms)


Started GET "/" for 127.0.0.1 at 2014-11-21 18:21:37 -0500
Processing by UsersController#new as HTML
Completed 500 Internal Server Error in 13ms

SyntaxError (/Users/adityanarayan/Desktop/RubymineProjects/registration/app/models/user.rb:10: syntax error, unexpected tSYMBEG, expecting '}'
										:allow_blank => TRUE
										 ^):
  app/models/user.rb:10: syntax error, unexpected tSYMBEG, expecting '}'
  app/controllers/users_controller.rb:9:in `new'


  Rendered /Users/adityanarayan/.rvm/gems/ruby-2.1.3/gems/actionpack-4.1.6/lib/action_dispatch/middleware/templates/rescues/_source.erb (1.3ms)
  Rendered /Users/adityanarayan/.rvm/gems/ruby-2.1.3/gems/actionpack-4.1.6/lib/action_dispatch/middleware/templates/rescues/_trace.html.erb (3.0ms)
  Rendered /Users/adityanarayan/.rvm/gems/ruby-2.1.3/gems/actionpack-4.1.6/lib/action_dispatch/middleware/templates/rescues/_request_and_response.html.erb (4.3ms)
  Rendered /Users/adityanarayan/.rvm/gems/ruby-2.1.3/gems/actionpack-4.1.6/lib/action_dispatch/middleware/templates/rescues/diagnostics.erb within rescues/layout (26.4ms)


Started GET "/" for 127.0.0.1 at 2014-11-21 18:22:03 -0500
Processing by UsersController#new as HTML
  Rendered users/new.html.erb within layouts/application (0.1ms)
Completed 200 OK in 174ms (Views: 90.4ms | ActiveRecord: 0.8ms)


Started GET "/assets/users.css?body=1" for 127.0.0.1 at 2014-11-21 18:22:03 -0500


Started GET "/assets/turbolinks.js?body=1" for 127.0.0.1 at 2014-11-21 18:22:03 -0500


Started GET "/assets/application.css?body=1" for 127.0.0.1 at 2014-11-21 18:22:03 -0500


Started GET "/assets/jquery.js?body=1" for 127.0.0.1 at 2014-11-21 18:22:03 -0500


Started GET "/assets/users.js?body=1" for 127.0.0.1 at 2014-11-21 18:22:03 -0500


Started GET "/assets/jquery_ujs.js?body=1" for 127.0.0.1 at 2014-11-21 18:22:03 -0500


Started GET "/assets/application.js?body=1" for 127.0.0.1 at 2014-11-21 18:22:03 -0500


Started GET "/users/new" for 127.0.0.1 at 2014-11-21 18:22:05 -0500

ActionController::RoutingError (No route matches [GET] "/users/new"):
  actionpack (4.1.6) lib/action_dispatch/middleware/debug_exceptions.rb:21:in `call'
  actionpack (4.1.6) lib/action_dispatch/middleware/show_exceptions.rb:30:in `call'
  railties (4.1.6) lib/rails/rack/logger.rb:38:in `call_app'
  railties (4.1.6) lib/rails/rack/logger.rb:20:in `block in call'
  activesupport (4.1.6) lib/active_support/tagged_logging.rb:68:in `block in tagged'
  activesupport (4.1.6) lib/active_support/tagged_logging.rb:26:in `tagged'
  activesupport (4.1.6) lib/active_support/tagged_logging.rb:68:in `tagged'
  railties (4.1.6) lib/rails/rack/logger.rb:20:in `call'
  actionpack (4.1.6) lib/action_dispatch/middleware/request_id.rb:21:in `call'
  rack (1.5.2) lib/rack/methodoverride.rb:21:in `call'
  rack (1.5.2) lib/rack/runtime.rb:17:in `call'
  activesupport (4.1.6) lib/active_support/cache/strategy/local_cache_middleware.rb:26:in `call'
  rack (1.5.2) lib/rack/lock.rb:17:in `call'
  actionpack (4.1.6) lib/action_dispatch/middleware/static.rb:64:in `call'
  rack (1.5.2) lib/rack/sendfile.rb:112:in `call'
  railties (4.1.6) lib/rails/engine.rb:514:in `call'
  railties (4.1.6) lib/rails/application.rb:144:in `call'
  rack (1.5.2) lib/rack/lock.rb:17:in `call'
  rack (1.5.2) lib/rack/content_length.rb:14:in `call'
  rack (1.5.2) lib/rack/handler/webrick.rb:60:in `service'
  /Users/adityanarayan/.rvm/rubies/ruby-2.1.3/lib/ruby/2.1.0/webrick/httpserver.rb:138:in `service'
  /Users/adityanarayan/.rvm/rubies/ruby-2.1.3/lib/ruby/2.1.0/webrick/httpserver.rb:94:in `run'
  /Users/adityanarayan/.rvm/rubies/ruby-2.1.3/lib/ruby/2.1.0/webrick/server.rb:295:in `block in start_thread'


  Rendered /Users/adityanarayan/.rvm/gems/ruby-2.1.3/gems/actionpack-4.1.6/lib/action_dispatch/middleware/templates/rescues/_trace.html.erb (2.7ms)
  Rendered /Users/adityanarayan/.rvm/gems/ruby-2.1.3/gems/actionpack-4.1.6/lib/action_dispatch/middleware/templates/routes/_route.html.erb (1.2ms)
  Rendered /Users/adityanarayan/.rvm/gems/ruby-2.1.3/gems/actionpack-4.1.6/lib/action_dispatch/middleware/templates/routes/_table.html.erb (2.1ms)
  Rendered /Users/adityanarayan/.rvm/gems/ruby-2.1.3/gems/actionpack-4.1.6/lib/action_dispatch/middleware/templates/rescues/routing_error.html.erb within rescues/layout (29.4ms)


Started GET "/users/create" for 127.0.0.1 at 2014-11-21 18:22:45 -0500

ActionController::RoutingError (No route matches [GET] "/users/create"):
  actionpack (4.1.6) lib/action_dispatch/middleware/debug_exceptions.rb:21:in `call'
  actionpack (4.1.6) lib/action_dispatch/middleware/show_exceptions.rb:30:in `call'
  railties (4.1.6) lib/rails/rack/logger.rb:38:in `call_app'
  railties (4.1.6) lib/rails/rack/logger.rb:20:in `block in call'
  activesupport (4.1.6) lib/active_support/tagged_logging.rb:68:in `block in tagged'
  activesupport (4.1.6) lib/active_support/tagged_logging.rb:26:in `tagged'
  activesupport (4.1.6) lib/active_support/tagged_logging.rb:68:in `tagged'
  railties (4.1.6) lib/rails/rack/logger.rb:20:in `call'
  actionpack (4.1.6) lib/action_dispatch/middleware/request_id.rb:21:in `call'
  rack (1.5.2) lib/rack/methodoverride.rb:21:in `call'
  rack (1.5.2) lib/rack/runtime.rb:17:in `call'
  activesupport (4.1.6) lib/active_support/cache/strategy/local_cache_middleware.rb:26:in `call'
  rack (1.5.2) lib/rack/lock.rb:17:in `call'
  actionpack (4.1.6) lib/action_dispatch/middleware/static.rb:64:in `call'
  rack (1.5.2) lib/rack/sendfile.rb:112:in `call'
  railties (4.1.6) lib/rails/engine.rb:514:in `call'
  railties (4.1.6) lib/rails/application.rb:144:in `call'
  rack (1.5.2) lib/rack/lock.rb:17:in `call'
  rack (1.5.2) lib/rack/content_length.rb:14:in `call'
  rack (1.5.2) lib/rack/handler/webrick.rb:60:in `service'
  /Users/adityanarayan/.rvm/rubies/ruby-2.1.3/lib/ruby/2.1.0/webrick/httpserver.rb:138:in `service'
  /Users/adityanarayan/.rvm/rubies/ruby-2.1.3/lib/ruby/2.1.0/webrick/httpserver.rb:94:in `run'
  /Users/adityanarayan/.rvm/rubies/ruby-2.1.3/lib/ruby/2.1.0/webrick/server.rb:295:in `block in start_thread'


  Rendered /Users/adityanarayan/.rvm/gems/ruby-2.1.3/gems/actionpack-4.1.6/lib/action_dispatch/middleware/templates/rescues/_trace.html.erb (1.5ms)
  Rendered /Users/adityanarayan/.rvm/gems/ruby-2.1.3/gems/actionpack-4.1.6/lib/action_dispatch/middleware/templates/routes/_route.html.erb (0.8ms)
  Rendered /Users/adityanarayan/.rvm/gems/ruby-2.1.3/gems/actionpack-4.1.6/lib/action_dispatch/middleware/templates/routes/_table.html.erb (1.1ms)
  Rendered /Users/adityanarayan/.rvm/gems/ruby-2.1.3/gems/actionpack-4.1.6/lib/action_dispatch/middleware/templates/rescues/routing_error.html.erb within rescues/layout (19.3ms)


Started GET "/" for 127.0.0.1 at 2014-11-21 18:31:21 -0500
Processing by UsersController#new as HTML
  Rendered users/new.html.erb within layouts/application (0.5ms)
Completed 200 OK in 166ms (Views: 158.1ms | ActiveRecord: 0.0ms)


Started GET "/assets/users.css?body=1" for 127.0.0.1 at 2014-11-21 18:31:22 -0500


Started GET "/assets/application.css?body=1" for 127.0.0.1 at 2014-11-21 18:31:22 -0500


Started GET "/assets/jquery.js?body=1" for 127.0.0.1 at 2014-11-21 18:31:22 -0500


Started GET "/assets/turbolinks.js?body=1" for 127.0.0.1 at 2014-11-21 18:31:22 -0500


Started GET "/assets/jquery_ujs.js?body=1" for 127.0.0.1 at 2014-11-21 18:31:22 -0500


Started GET "/assets/users.js?body=1" for 127.0.0.1 at 2014-11-21 18:31:22 -0500


Started GET "/assets/application.js?body=1" for 127.0.0.1 at 2014-11-21 18:31:22 -0500


Started GET "/assets/users.css?body=1" for 127.0.0.1 at 2014-11-21 18:31:29 -0500


Started GET "/assets/application.css?body=1" for 127.0.0.1 at 2014-11-21 18:31:29 -0500


Started GET "/users/new" for 127.0.0.1 at 2014-11-21 18:32:47 -0500

ActionController::RoutingError (No route matches [GET] "/users/new"):
  actionpack (4.1.6) lib/action_dispatch/middleware/debug_exceptions.rb:21:in `call'
  actionpack (4.1.6) lib/action_dispatch/middleware/show_exceptions.rb:30:in `call'
  railties (4.1.6) lib/rails/rack/logger.rb:38:in `call_app'
  railties (4.1.6) lib/rails/rack/logger.rb:20:in `block in call'
  activesupport (4.1.6) lib/active_support/tagged_logging.rb:68:in `block in tagged'
  activesupport (4.1.6) lib/active_support/tagged_logging.rb:26:in `tagged'
  activesupport (4.1.6) lib/active_support/tagged_logging.rb:68:in `tagged'
  railties (4.1.6) lib/rails/rack/logger.rb:20:in `call'
  actionpack (4.1.6) lib/action_dispatch/middleware/request_id.rb:21:in `call'
  rack (1.5.2) lib/rack/methodoverride.rb:21:in `call'
  rack (1.5.2) lib/rack/runtime.rb:17:in `call'
  activesupport (4.1.6) lib/active_support/cache/strategy/local_cache_middleware.rb:26:in `call'
  rack (1.5.2) lib/rack/lock.rb:17:in `call'
  actionpack (4.1.6) lib/action_dispatch/middleware/static.rb:64:in `call'
  rack (1.5.2) lib/rack/sendfile.rb:112:in `call'
  railties (4.1.6) lib/rails/engine.rb:514:in `call'
  railties (4.1.6) lib/rails/application.rb:144:in `call'
  rack (1.5.2) lib/rack/lock.rb:17:in `call'
  rack (1.5.2) lib/rack/content_length.rb:14:in `call'
  rack (1.5.2) lib/rack/handler/webrick.rb:60:in `service'
  /Users/adityanarayan/.rvm/rubies/ruby-2.1.3/lib/ruby/2.1.0/webrick/httpserver.rb:138:in `service'
  /Users/adityanarayan/.rvm/rubies/ruby-2.1.3/lib/ruby/2.1.0/webrick/httpserver.rb:94:in `run'
  /Users/adityanarayan/.rvm/rubies/ruby-2.1.3/lib/ruby/2.1.0/webrick/server.rb:295:in `block in start_thread'


  Rendered /Users/adityanarayan/.rvm/gems/ruby-2.1.3/gems/actionpack-4.1.6/lib/action_dispatch/middleware/templates/rescues/_trace.html.erb (2.3ms)
  Rendered /Users/adityanarayan/.rvm/gems/ruby-2.1.3/gems/actionpack-4.1.6/lib/action_dispatch/middleware/templates/routes/_route.html.erb (1.0ms)
  Rendered /Users/adityanarayan/.rvm/gems/ruby-2.1.3/gems/actionpack-4.1.6/lib/action_dispatch/middleware/templates/routes/_table.html.erb (2.5ms)
  Rendered /Users/adityanarayan/.rvm/gems/ruby-2.1.3/gems/actionpack-4.1.6/lib/action_dispatch/middleware/templates/rescues/routing_error.html.erb within rescues/layout (21.6ms)


Started GET "/users/new" for 127.0.0.1 at 2014-11-21 18:32:47 -0500

ActionController::RoutingError (No route matches [GET] "/users/new"):
  actionpack (4.1.6) lib/action_dispatch/middleware/debug_exceptions.rb:21:in `call'
  actionpack (4.1.6) lib/action_dispatch/middleware/show_exceptions.rb:30:in `call'
  railties (4.1.6) lib/rails/rack/logger.rb:38:in `call_app'
  railties (4.1.6) lib/rails/rack/logger.rb:20:in `block in call'
  activesupport (4.1.6) lib/active_support/tagged_logging.rb:68:in `block in tagged'
  activesupport (4.1.6) lib/active_support/tagged_logging.rb:26:in `tagged'
  activesupport (4.1.6) lib/active_support/tagged_logging.rb:68:in `tagged'
  railties (4.1.6) lib/rails/rack/logger.rb:20:in `call'
  actionpack (4.1.6) lib/action_dispatch/middleware/request_id.rb:21:in `call'
  rack (1.5.2) lib/rack/methodoverride.rb:21:in `call'
  rack (1.5.2) lib/rack/runtime.rb:17:in `call'
  activesupport (4.1.6) lib/active_support/cache/strategy/local_cache_middleware.rb:26:in `call'
  rack (1.5.2) lib/rack/lock.rb:17:in `call'
  actionpack (4.1.6) lib/action_dispatch/middleware/static.rb:64:in `call'
  rack (1.5.2) lib/rack/sendfile.rb:112:in `call'
  railties (4.1.6) lib/rails/engine.rb:514:in `call'
  railties (4.1.6) lib/rails/application.rb:144:in `call'
  rack (1.5.2) lib/rack/lock.rb:17:in `call'
  rack (1.5.2) lib/rack/content_length.rb:14:in `call'
  rack (1.5.2) lib/rack/handler/webrick.rb:60:in `service'
  /Users/adityanarayan/.rvm/rubies/ruby-2.1.3/lib/ruby/2.1.0/webrick/httpserver.rb:138:in `service'
  /Users/adityanarayan/.rvm/rubies/ruby-2.1.3/lib/ruby/2.1.0/webrick/httpserver.rb:94:in `run'
  /Users/adityanarayan/.rvm/rubies/ruby-2.1.3/lib/ruby/2.1.0/webrick/server.rb:295:in `block in start_thread'


  Rendered /Users/adityanarayan/.rvm/gems/ruby-2.1.3/gems/actionpack-4.1.6/lib/action_dispatch/middleware/templates/rescues/_trace.html.erb (1.6ms)
  Rendered /Users/adityanarayan/.rvm/gems/ruby-2.1.3/gems/actionpack-4.1.6/lib/action_dispatch/middleware/templates/routes/_route.html.erb (1.2ms)
  Rendered /Users/adityanarayan/.rvm/gems/ruby-2.1.3/gems/actionpack-4.1.6/lib/action_dispatch/middleware/templates/routes/_table.html.erb (1.9ms)
  Rendered /Users/adityanarayan/.rvm/gems/ruby-2.1.3/gems/actionpack-4.1.6/lib/action_dispatch/middleware/templates/rescues/routing_error.html.erb within rescues/layout (19.1ms)


Started GET "/" for 127.0.0.1 at 2014-11-21 19:11:00 -0500
Processing by UsersController#index as HTML
  Rendered users/index.html.erb within layouts/application (0.2ms)
Completed 200 OK in 142ms (Views: 138.9ms | ActiveRecord: 0.0ms)


Started GET "/assets/users.css?body=1" for 127.0.0.1 at 2014-11-21 19:11:01 -0500


Started GET "/assets/jquery.js?body=1" for 127.0.0.1 at 2014-11-21 19:11:01 -0500


Started GET "/assets/turbolinks.js?body=1" for 127.0.0.1 at 2014-11-21 19:11:01 -0500


Started GET "/assets/jquery_ujs.js?body=1" for 127.0.0.1 at 2014-11-21 19:11:01 -0500


Started GET "/assets/application.js?body=1" for 127.0.0.1 at 2014-11-21 19:11:01 -0500


Started GET "/assets/users.js?body=1" for 127.0.0.1 at 2014-11-21 19:11:01 -0500


Started GET "/assets/application.css?body=1" for 127.0.0.1 at 2014-11-21 19:11:01 -0500


Started GET "/assets/turbolinks.js?body=1" for 127.0.0.1 at 2014-11-21 19:11:01 -0500


Started GET "/users/new" for 127.0.0.1 at 2014-11-21 19:11:09 -0500
Processing by UsersController#new as HTML
  Rendered users/new.html.erb within layouts/application (0.1ms)
Completed 200 OK in 248ms (Views: 64.2ms | ActiveRecord: 0.7ms)


Started GET "/assets/application.css?body=1" for 127.0.0.1 at 2014-11-21 19:11:09 -0500


Started GET "/assets/jquery.js?body=1" for 127.0.0.1 at 2014-11-21 19:11:09 -0500


Started GET "/assets/application.js?body=1" for 127.0.0.1 at 2014-11-21 19:11:09 -0500


Started GET "/assets/users.js?body=1" for 127.0.0.1 at 2014-11-21 19:11:09 -0500


Started GET "/assets/jquery_ujs.js?body=1" for 127.0.0.1 at 2014-11-21 19:11:09 -0500


Started GET "/assets/users.css?body=1" for 127.0.0.1 at 2014-11-21 19:11:09 -0500


Started GET "/assets/turbolinks.js?body=1" for 127.0.0.1 at 2014-11-21 19:11:09 -0500


Started GET "/users/new" for 127.0.0.1 at 2014-11-21 19:11:11 -0500
Processing by UsersController#new as HTML
  Rendered users/new.html.erb within layouts/application (0.0ms)
Completed 200 OK in 54ms (Views: 53.1ms | ActiveRecord: 0.0ms)


Started GET "/assets/users.css?body=1" for 127.0.0.1 at 2014-11-21 19:11:11 -0500


Started GET "/assets/jquery.js?body=1" for 127.0.0.1 at 2014-11-21 19:11:11 -0500


Started GET "/assets/application.js?body=1" for 127.0.0.1 at 2014-11-21 19:11:11 -0500


Started GET "/assets/users.js?body=1" for 127.0.0.1 at 2014-11-21 19:11:11 -0500


Started GET "/assets/application.css?body=1" for 127.0.0.1 at 2014-11-21 19:11:11 -0500


Started GET "/assets/turbolinks.js?body=1" for 127.0.0.1 at 2014-11-21 19:11:11 -0500


Started GET "/assets/jquery_ujs.js?body=1" for 127.0.0.1 at 2014-11-21 19:11:11 -0500


Started GET "/assets/turbolinks.js?body=1" for 127.0.0.1 at 2014-11-21 19:11:11 -0500


Started GET "/users/new" for 127.0.0.1 at 2014-11-21 19:11:13 -0500
Processing by UsersController#new as HTML
  Rendered users/new.html.erb within layouts/application (0.1ms)
Completed 200 OK in 42ms (Views: 41.6ms | ActiveRecord: 0.0ms)


Started GET "/users/new" for 127.0.0.1 at 2014-11-21 19:11:14 -0500
Processing by UsersController#new as HTML
  Rendered users/new.html.erb within layouts/application (0.0ms)
Completed 200 OK in 37ms (Views: 36.7ms | ActiveRecord: 0.0ms)


Started GET "/users/new" for 127.0.0.1 at 2014-11-21 19:11:15 -0500
Processing by UsersController#new as HTML
  Rendered users/new.html.erb within layouts/application (0.0ms)
Completed 200 OK in 40ms (Views: 39.6ms | ActiveRecord: 0.0ms)


Started GET "/users/new" for 127.0.0.1 at 2014-11-21 19:11:15 -0500
Processing by UsersController#new as HTML
  Rendered users/new.html.erb within layouts/application (0.0ms)
Completed 200 OK in 43ms (Views: 42.6ms | ActiveRecord: 0.0ms)


Started GET "/" for 127.0.0.1 at 2014-12-02 10:37:47 -0500
  [1m[36mActiveRecord::SchemaMigration Load (0.4ms)[0m  [1mSELECT "schema_migrations".* FROM "schema_migrations"[0m
Processing by UsersController#index as HTML
  Rendered users/index.html.erb within layouts/application (1.3ms)
Completed 200 OK in 470ms (Views: 404.4ms | ActiveRecord: 0.0ms)


Started GET "/assets/jquery.js?body=1" for 127.0.0.1 at 2014-12-02 10:37:48 -0500


Started GET "/assets/application.css?body=1" for 127.0.0.1 at 2014-12-02 10:37:48 -0500


Started GET "/assets/jquery_ujs.js?body=1" for 127.0.0.1 at 2014-12-02 10:37:48 -0500


Started GET "/assets/turbolinks.js?body=1" for 127.0.0.1 at 2014-12-02 10:37:48 -0500


Started GET "/assets/users.js?body=1" for 127.0.0.1 at 2014-12-02 10:37:48 -0500


Started GET "/assets/application.js?body=1" for 127.0.0.1 at 2014-12-02 10:37:48 -0500


Started GET "/assets/users.css?body=1" for 127.0.0.1 at 2014-12-02 10:37:48 -0500


Started GET "/assets/jquery_ujs.js?body=1" for 127.0.0.1 at 2014-12-02 10:37:48 -0500


Started GET "/registration" for 127.0.0.1 at 2014-12-02 10:37:55 -0500

ActionController::RoutingError (No route matches [GET] "/registration"):
  actionpack (4.1.6) lib/action_dispatch/middleware/debug_exceptions.rb:21:in `call'
  actionpack (4.1.6) lib/action_dispatch/middleware/show_exceptions.rb:30:in `call'
  railties (4.1.6) lib/rails/rack/logger.rb:38:in `call_app'
  railties (4.1.6) lib/rails/rack/logger.rb:20:in `block in call'
  activesupport (4.1.6) lib/active_support/tagged_logging.rb:68:in `block in tagged'
  activesupport (4.1.6) lib/active_support/tagged_logging.rb:26:in `tagged'
  activesupport (4.1.6) lib/active_support/tagged_logging.rb:68:in `tagged'
  railties (4.1.6) lib/rails/rack/logger.rb:20:in `call'
  actionpack (4.1.6) lib/action_dispatch/middleware/request_id.rb:21:in `call'
  rack (1.5.2) lib/rack/methodoverride.rb:21:in `call'
  rack (1.5.2) lib/rack/runtime.rb:17:in `call'
  activesupport (4.1.6) lib/active_support/cache/strategy/local_cache_middleware.rb:26:in `call'
  rack (1.5.2) lib/rack/lock.rb:17:in `call'
  actionpack (4.1.6) lib/action_dispatch/middleware/static.rb:64:in `call'
  rack (1.5.2) lib/rack/sendfile.rb:112:in `call'
  railties (4.1.6) lib/rails/engine.rb:514:in `call'
  railties (4.1.6) lib/rails/application.rb:144:in `call'
  rack (1.5.2) lib/rack/lock.rb:17:in `call'
  rack (1.5.2) lib/rack/content_length.rb:14:in `call'
  rack (1.5.2) lib/rack/handler/webrick.rb:60:in `service'
  /Users/adityanarayan/.rvm/rubies/ruby-2.1.3/lib/ruby/2.1.0/webrick/httpserver.rb:138:in `service'
  /Users/adityanarayan/.rvm/rubies/ruby-2.1.3/lib/ruby/2.1.0/webrick/httpserver.rb:94:in `run'
  /Users/adityanarayan/.rvm/rubies/ruby-2.1.3/lib/ruby/2.1.0/webrick/server.rb:295:in `block in start_thread'


  Rendered /Users/adityanarayan/.rvm/gems/ruby-2.1.3/gems/actionpack-4.1.6/lib/action_dispatch/middleware/templates/rescues/_trace.html.erb (1.7ms)
  Rendered /Users/adityanarayan/.rvm/gems/ruby-2.1.3/gems/actionpack-4.1.6/lib/action_dispatch/middleware/templates/routes/_route.html.erb (1.4ms)
  Rendered /Users/adityanarayan/.rvm/gems/ruby-2.1.3/gems/actionpack-4.1.6/lib/action_dispatch/middleware/templates/routes/_table.html.erb (48.9ms)
  Rendered /Users/adityanarayan/.rvm/gems/ruby-2.1.3/gems/actionpack-4.1.6/lib/action_dispatch/middleware/templates/rescues/routing_error.html.erb within rescues/layout (88.8ms)


Started GET "/register" for 127.0.0.1 at 2014-12-02 10:38:04 -0500
Processing by UsersController#new as HTML
  Rendered users/new.html.erb within layouts/application (0.4ms)
Completed 200 OK in 90ms (Views: 76.0ms | ActiveRecord: 0.3ms)


Started GET "/assets/application.css?body=1" for 127.0.0.1 at 2014-12-02 10:38:04 -0500


Started GET "/assets/users.js?body=1" for 127.0.0.1 at 2014-12-02 10:38:04 -0500


Started GET "/assets/jquery_ujs.js?body=1" for 127.0.0.1 at 2014-12-02 10:38:04 -0500


Started GET "/assets/users.css?body=1" for 127.0.0.1 at 2014-12-02 10:38:04 -0500


Started GET "/assets/turbolinks.js?body=1" for 127.0.0.1 at 2014-12-02 10:38:04 -0500


Started GET "/assets/jquery.js?body=1" for 127.0.0.1 at 2014-12-02 10:38:04 -0500


Started GET "/assets/application.js?body=1" for 127.0.0.1 at 2014-12-02 10:38:04 -0500


Started GET "/users/new" for 127.0.0.1 at 2014-12-02 10:38:06 -0500
Processing by UsersController#new as HTML
  Rendered users/new.html.erb within layouts/application (0.0ms)
Completed 200 OK in 68ms (Views: 67.1ms | ActiveRecord: 0.0ms)


Started GET "/assets/application.css?body=1" for 127.0.0.1 at 2014-12-02 10:38:06 -0500


Started GET "/assets/users.css?body=1" for 127.0.0.1 at 2014-12-02 10:38:06 -0500


Started GET "/assets/jquery.js?body=1" for 127.0.0.1 at 2014-12-02 10:38:06 -0500


Started GET "/assets/turbolinks.js?body=1" for 127.0.0.1 at 2014-12-02 10:38:07 -0500


Started GET "/assets/application.js?body=1" for 127.0.0.1 at 2014-12-02 10:38:07 -0500


Started GET "/assets/users.js?body=1" for 127.0.0.1 at 2014-12-02 10:38:07 -0500


Started GET "/assets/jquery_ujs.js?body=1" for 127.0.0.1 at 2014-12-02 10:38:07 -0500


Started GET "/assets/jquery_ujs.js?body=1" for 127.0.0.1 at 2014-12-02 10:38:07 -0500


Started GET "/assets/turbolinks.js?body=1" for 127.0.0.1 at 2014-12-02 10:38:07 -0500


Started GET "/assets/application.js?body=1" for 127.0.0.1 at 2014-12-02 10:38:07 -0500


Started GET "/users/new" for 127.0.0.1 at 2014-12-02 10:38:46 -0500
Processing by UsersController#new as HTML
  Rendered users/new.html.erb within layouts/application (0.5ms)
Completed 200 OK in 96ms (Views: 83.4ms | ActiveRecord: 0.0ms)
